<?xml version="1.0" encoding="UTF-8"?>
<testsuite xmlns:xsi="http://www.w3.org/2001/XMLSchema-instance" xsi:noNamespaceSchemaLocation="https://maven.apache.org/surefire/maven-surefire-plugin/xsd/surefire-test-report-3.0.xsd" version="3.0" name="org.acme.GreetingResourceTest" time="8.153" tests="1" errors="0" skipped="0" failures="0">
  <properties>
[...]
</properties>
  <testcase name="testHelloEndpoint" classname="org.acme.GreetingResourceTest" time="0.624">
    <system-out><![CDATA[2023-06-30 17:43:10,856 WARN  [io.net.res.dns.DnsServerAddressStreamProviders] (build-39) Can not find io.netty.resolver.dns.macos.MacOSDnsServerAddressStreamProvider in the classpath, fallback to system defaults. This may result in incorrect DNS resolutions on MacOS. Check whether you have a dependency on 'io.netty:netty-resolver-dns-native-macos'
2023-06-30 17:43:10,959 INFO  [io.qua.ama.lam.run.MockEventServer] (build-39) Mock Lambda Event Server Started
2023-06-30 17:43:11,260 INFO  [org.tes.doc.DockerClientProviderStrategy] (build-23) Loaded org.testcontainers.dockerclient.UnixSocketClientProviderStrategy from ~/.testcontainers.properties, will try it first
2023-06-30 17:43:11,486 INFO  [org.tes.doc.DockerClientProviderStrategy] (build-23) Found Docker environment with local Unix socket (unix:///var/run/docker.sock)
2023-06-30 17:43:11,487 INFO  [org.tes.DockerClientFactory] (build-23) Docker host IP address is localhost
2023-06-30 17:43:11,519 INFO  [org.tes.DockerClientFactory] (build-23) Connected to docker: 
  Server Version: 20.10.14
  API Version: 1.41
  Operating System: Docker Desktop
  Total Memory: 7851 MB
2023-06-30 17:43:11,526 INFO  [org.tes.uti.ImageNameSubstitutor] (build-23) Image name substitution will be performed by: DefaultImageNameSubstitutor (composite of 'ConfigurationFileImageNameSubstitutor' and 'PrefixingImageNameSubstitutor')
2023-06-30 17:43:11,528 INFO  [org.tes.DockerClientFactory] (build-23) Checking the system...
2023-06-30 17:43:11,528 INFO  [org.tes.DockerClientFactory] (build-23) ✔︎ Docker server version should be at least 1.6.0
2023-06-30 17:43:11,571 INFO  [tc.loc.4.0] (build-23) HOSTNAME_EXTERNAL environment variable set to localstack-zyaqj (to match last network alias on container with non-default network)
2023-06-30 17:43:11,572 INFO  [tc.loc.4.0] (build-23) Creating container for image: localstack/localstack:1.4.0
2023-06-30 17:43:11,677 INFO  [tc.tes.4.0] (build-23) Creating container for image: testcontainers/ryuk:0.4.0
2023-06-30 17:43:11,738 INFO  [tc.tes.4.0] (build-23) Container testcontainers/ryuk:0.4.0 is starting: f80c1f939c246ce6d10d9531a9f844d73a82e0c43228df24a29ed74db4f7fcc0
2023-06-30 17:43:12,186 INFO  [tc.tes.4.0] (build-23) Container testcontainers/ryuk:0.4.0 started in PT0.508838S
2023-06-30 17:43:12,726 INFO  [tc.loc.4.0] (build-23) Container localstack/localstack:1.4.0 is starting: 7ddd91d1291e94e7f29081c92e9297f67e654dbe04bcf47eb793d9ca4be963a6
2023-06-30 17:43:16,802 INFO  [tc.loc.4.0] (build-23) Container localstack/localstack:1.4.0 started in PT5.230384S
2023-06-30 17:43:16,809 INFO  [io.qua.ama.com.dep.DevServicesLocalStackProcessor] (build-23) Amazon Dev Services for localstack (dynamodb) started. Other Quarkus applications in dev mode will find the LocalStack automatically.
2023-06-30 17:43:17,370 INFO  [io.quarkus] (main) gameday 1.0.0-SNAPSHOT on JVM (powered by Quarkus 3.1.3.Final) started in 7.178s. 
2023-06-30 17:43:17,371 INFO  [io.quarkus] (main) Profile test activated. 
2023-06-30 17:43:17,371 INFO  [io.quarkus] (main) Installed features: [amazon-dynamodb, amazon-lambda, cdi, resteasy-reactive, resteasy-reactive-jackson, security, smallrye-context-propagation, vertx]
2023-06-30 17:43:17,371 INFO  [io.qua.ama.lam.run.AbstractLambdaPollLoop] (Lambda Thread (TEST)) Listening on: http://localhost:8081/_lambda_/2018-06-01/runtime/invocation/next
]]></system-out>
  </testcase>
</testsuite>